2017-03-06 16:57:15.370 [main] INFO  com.ds.statements.Main - Starting Main on jay-PC with PID 3196 (E:\lambo-workspace\pc-parent\pc-statements\target\classes started by Administrator in E:\lambo-workspace\pc-parent\pc-statements) 
2017-03-06 16:57:15.422 [main] INFO  com.ds.statements.Main - The following profiles are active: mine 
2017-03-06 16:57:15.518 [main] INFO  o.s.b.c.e.AnnotationConfigEmbeddedWebApplicationContext - Refreshing org.springframework.boot.context.embedded.AnnotationConfigEmbeddedWebApplicationContext@3a3e78f: startup date [Mon Mar 06 16:57:15 CST 2017]; root of context hierarchy 
2017-03-06 16:57:17.346 [main] INFO  o.s.d.r.c.RepositoryConfigurationDelegate - Multiple Spring Data modules found, entering strict repository configuration mode! 
2017-03-06 16:57:17.510 [main] INFO  o.s.d.r.c.RepositoryConfigurationDelegate - Multiple Spring Data modules found, entering strict repository configuration mode! 
2017-03-06 16:57:17.737 [main] INFO  o.s.d.r.c.RepositoryConfigurationDelegate - Multiple Spring Data modules found, entering strict repository configuration mode! 
2017-03-06 16:57:18.299 [main] INFO  o.s.c.s.PostProcessorRegistrationDelegate$BeanPostProcessorChecker - Bean 'org.springframework.transaction.annotation.ProxyTransactionManagementConfiguration' of type [class org.springframework.transaction.annotation.ProxyTransactionManagementConfiguration$$EnhancerBySpringCGLIB$$e12348e4] is not eligible for getting processed by all BeanPostProcessors (for example: not eligible for auto-proxying) 
2017-03-06 16:57:18.978 [main] INFO  o.s.b.c.e.t.TomcatEmbeddedServletContainer - Tomcat initialized with port(s): 8010 (http) 
2017-03-06 16:57:19.001 [main] INFO  o.a.catalina.core.StandardService - Starting service Tomcat 
2017-03-06 16:57:19.003 [main] INFO  o.a.catalina.core.StandardEngine - Starting Servlet Engine: Apache Tomcat/8.5.5 
2017-03-06 16:57:19.246 [localhost-startStop-1] INFO  o.a.c.c.C.[.[.[/pc-statements] - Initializing Spring embedded WebApplicationContext 
2017-03-06 16:57:19.247 [localhost-startStop-1] INFO  o.s.web.context.ContextLoader - Root WebApplicationContext: initialization completed in 3729 ms 
2017-03-06 16:57:19.580 [localhost-startStop-1] INFO  o.s.b.w.s.FilterRegistrationBean - Mapping filter: 'characterEncodingFilter' to: [/*] 
2017-03-06 16:57:19.581 [localhost-startStop-1] INFO  o.s.b.w.s.FilterRegistrationBean - Mapping filter: 'hiddenHttpMethodFilter' to: [/*] 
2017-03-06 16:57:19.582 [localhost-startStop-1] INFO  o.s.b.w.s.FilterRegistrationBean - Mapping filter: 'httpPutFormContentFilter' to: [/*] 
2017-03-06 16:57:19.582 [localhost-startStop-1] INFO  o.s.b.w.s.FilterRegistrationBean - Mapping filter: 'requestContextFilter' to: [/*] 
2017-03-06 16:57:19.584 [localhost-startStop-1] INFO  o.s.b.w.s.DelegatingFilterProxyRegistrationBean - Mapping filter: 'springSecurityFilterChain' to: [/*] 
2017-03-06 16:57:19.584 [localhost-startStop-1] INFO  o.s.b.w.s.FilterRegistrationBean - Mapping filter: 'webStatFilter' to urls: [/*] 
2017-03-06 16:57:19.584 [localhost-startStop-1] INFO  o.s.b.w.s.ServletRegistrationBean - Mapping servlet: 'statViewServlet' to [/druid/*] 
2017-03-06 16:57:19.586 [localhost-startStop-1] INFO  o.s.b.w.s.ServletRegistrationBean - Mapping servlet: 'dispatcherServlet' to [/] 
2017-03-06 16:57:20.252 [main] INFO  c.a.druid.pool.DruidDataSource - {dataSource-1} inited 
2017-03-06 16:57:20.460 [main] INFO  o.s.o.j.LocalContainerEntityManagerFactoryBean - Building JPA container EntityManagerFactory for persistence unit 'default' 
2017-03-06 16:57:20.471 [main] INFO  o.h.jpa.internal.util.LogHelper - HHH000204: Processing PersistenceUnitInfo [
	name: default
	...] 
2017-03-06 16:57:20.547 [main] INFO  org.hibernate.Version - HHH000412: Hibernate Core {4.3.11.Final} 
2017-03-06 16:57:20.548 [main] INFO  org.hibernate.cfg.Environment - HHH000206: hibernate.properties not found 
2017-03-06 16:57:20.550 [main] INFO  org.hibernate.cfg.Environment - HHH000021: Bytecode provider name : javassist 
2017-03-06 16:57:20.715 [main] INFO  o.h.annotations.common.Version - HCANN000001: Hibernate Commons Annotations {4.0.4.Final} 
2017-03-06 16:57:20.788 [main] INFO  org.hibernate.dialect.Dialect - HHH000400: Using dialect: org.hibernate.dialect.MySQL5InnoDBDialect 
2017-03-06 16:57:20.932 [main] INFO  o.h.h.i.a.ASTQueryTranslatorFactory - HHH000397: Using ASTQueryTranslatorFactory 
2017-03-06 16:57:21.428 [main] INFO  o.s.o.j.LocalContainerEntityManagerFactoryBean - Initialized JPA EntityManagerFactory for persistence unit 'default' 
2017-03-06 16:57:22.164 [main] INFO  c.d.m.p.p2p.MQProviderService - 初始化队列, key = queue.test 
2017-03-06 16:57:22.164 [main] INFO  c.d.m.p.p2p.MQProviderService - 初始化队列, key = queue.payoff 
2017-03-06 16:57:22.165 [main] INFO  c.d.m.p.p2p.MQProviderService - 初始化队列, key = queue.bill.record 
2017-03-06 16:57:22.165 [main] INFO  c.d.m.p.p2p.MQProviderService - 初始化队列, key = queue.bet.data.yesterday 
2017-03-06 16:57:22.165 [main] INFO  c.d.m.p.p2p.MQProviderService - 初始化队列, key = queue.bet.limit 
2017-03-06 16:57:22.165 [main] INFO  c.d.m.p.p2p.MQProviderService - 初始化队列, key = queue.bet.odds 
2017-03-06 16:57:22.733 [main] INFO  o.s.b.a.s.AuthenticationManagerConfiguration - 

Using default security password: c538b037-b0ff-4127-bcd1-269ae9b024f0
 
2017-03-06 16:57:22.871 [main] INFO  o.s.s.w.DefaultSecurityFilterChain - Creating filter chain: org.springframework.security.web.util.matcher.AnyRequestMatcher@1, [org.springframework.security.web.context.request.async.WebAsyncManagerIntegrationFilter@23307c6c, org.springframework.security.web.context.SecurityContextPersistenceFilter@e75bae7, org.springframework.security.web.header.HeaderWriterFilter@34a482d0, org.springframework.security.web.authentication.logout.LogoutFilter@5625e7e1, org.springframework.security.web.savedrequest.RequestCacheAwareFilter@23169374, org.springframework.security.web.servletapi.SecurityContextHolderAwareRequestFilter@53570fff, org.springframework.security.web.authentication.AnonymousAuthenticationFilter@75c45c4b, org.springframework.security.web.session.SessionManagementFilter@1390a43a, org.springframework.security.web.access.ExceptionTranslationFilter@30ce78e3] 
2017-03-06 16:57:23.072 [main] INFO  o.s.w.s.m.m.a.RequestMappingHandlerAdapter - Looking for @ControllerAdvice: org.springframework.boot.context.embedded.AnnotationConfigEmbeddedWebApplicationContext@3a3e78f: startup date [Mon Mar 06 16:57:15 CST 2017]; root of context hierarchy 
2017-03-06 16:57:23.154 [main] INFO  o.s.w.s.m.m.a.RequestMappingHandlerMapping - Mapped "{[/error]}" onto public org.springframework.http.ResponseEntity<java.util.Map<java.lang.String, java.lang.Object>> org.springframework.boot.autoconfigure.web.BasicErrorController.error(javax.servlet.http.HttpServletRequest) 
2017-03-06 16:57:23.156 [main] INFO  o.s.w.s.m.m.a.RequestMappingHandlerMapping - Mapped "{[/error],produces=[text/html]}" onto public org.springframework.web.servlet.ModelAndView org.springframework.boot.autoconfigure.web.BasicErrorController.errorHtml(javax.servlet.http.HttpServletRequest,javax.servlet.http.HttpServletResponse) 
2017-03-06 16:57:23.205 [main] INFO  o.s.w.s.h.SimpleUrlHandlerMapping - Mapped URL path [/webjars/**] onto handler of type [class org.springframework.web.servlet.resource.ResourceHttpRequestHandler] 
2017-03-06 16:57:23.205 [main] INFO  o.s.w.s.h.SimpleUrlHandlerMapping - Mapped URL path [/**] onto handler of type [class org.springframework.web.servlet.resource.ResourceHttpRequestHandler] 
2017-03-06 16:57:23.262 [main] INFO  o.s.w.s.h.SimpleUrlHandlerMapping - Mapped URL path [/**/favicon.ico] onto handler of type [class org.springframework.web.servlet.resource.ResourceHttpRequestHandler] 
2017-03-06 16:57:23.866 [main] INFO  o.s.j.e.a.AnnotationMBeanExporter - Registering beans for JMX exposure on startup 
2017-03-06 16:57:23.868 [main] INFO  o.s.j.e.a.AnnotationMBeanExporter - Bean with name 'dataSource' has been autodetected for JMX exposure 
2017-03-06 16:57:23.876 [main] INFO  o.s.j.e.a.AnnotationMBeanExporter - Located MBean 'dataSource': registering with JMX server as MBean [com.alibaba.druid.pool:name=dataSource,type=DruidDataSource] 
2017-03-06 16:57:23.880 [main] INFO  o.s.c.s.DefaultLifecycleProcessor - Starting beans in phase 2147483647 
2017-03-06 16:57:23.889 [main] INFO  o.s.s.a.ScheduledAnnotationBeanPostProcessor - No TaskScheduler/ScheduledExecutorService bean found for scheduled processing 
2017-03-06 16:57:23.977 [main] INFO  o.s.b.c.e.t.TomcatEmbeddedServletContainer - Tomcat started on port(s): 8010 (http) 
2017-03-06 16:57:23.984 [main] INFO  com.ds.statements.Main - Started Main in 9.197 seconds (JVM running for 11.084) 
