2017-03-08 14:09:14.946 [main] INFO  com.ds.statements.Main - Starting Main on jay-PC with PID 30556 (E:\lambo-workspace\pc-parent\pc-statements\target\classes started by Administrator in E:\lambo-workspace\pc-parent\pc-statements) 
2017-03-08 14:09:15.096 [main] INFO  com.ds.statements.Main - The following profiles are active: mine 
2017-03-08 14:09:15.177 [main] INFO  o.s.b.c.e.AnnotationConfigEmbeddedWebApplicationContext - Refreshing org.springframework.boot.context.embedded.AnnotationConfigEmbeddedWebApplicationContext@3a3e78f: startup date [Wed Mar 08 14:09:15 CST 2017]; root of context hierarchy 
2017-03-08 14:09:16.549 [main] INFO  o.s.d.r.c.RepositoryConfigurationDelegate - Multiple Spring Data modules found, entering strict repository configuration mode! 
2017-03-08 14:09:16.738 [main] INFO  o.s.d.r.c.RepositoryConfigurationDelegate - Multiple Spring Data modules found, entering strict repository configuration mode! 
2017-03-08 14:09:16.983 [main] INFO  o.s.d.r.c.RepositoryConfigurationDelegate - Multiple Spring Data modules found, entering strict repository configuration mode! 
2017-03-08 14:09:17.447 [main] INFO  o.s.c.s.PostProcessorRegistrationDelegate$BeanPostProcessorChecker - Bean 'org.springframework.transaction.annotation.ProxyTransactionManagementConfiguration' of type [class org.springframework.transaction.annotation.ProxyTransactionManagementConfiguration$$EnhancerBySpringCGLIB$$f9516c95] is not eligible for getting processed by all BeanPostProcessors (for example: not eligible for auto-proxying) 
2017-03-08 14:09:18.101 [main] INFO  o.s.b.c.e.t.TomcatEmbeddedServletContainer - Tomcat initialized with port(s): 8010 (http) 
2017-03-08 14:09:18.119 [main] INFO  o.a.catalina.core.StandardService - Starting service Tomcat 
2017-03-08 14:09:18.122 [main] INFO  o.a.catalina.core.StandardEngine - Starting Servlet Engine: Apache Tomcat/8.5.5 
2017-03-08 14:09:18.252 [localhost-startStop-1] INFO  o.a.c.c.C.[.[.[/pc-statements] - Initializing Spring embedded WebApplicationContext 
2017-03-08 14:09:18.252 [localhost-startStop-1] INFO  o.s.web.context.ContextLoader - Root WebApplicationContext: initialization completed in 3076 ms 
2017-03-08 14:09:18.569 [localhost-startStop-1] INFO  o.s.b.w.s.FilterRegistrationBean - Mapping filter: 'characterEncodingFilter' to: [/*] 
2017-03-08 14:09:18.570 [localhost-startStop-1] INFO  o.s.b.w.s.FilterRegistrationBean - Mapping filter: 'hiddenHttpMethodFilter' to: [/*] 
2017-03-08 14:09:18.570 [localhost-startStop-1] INFO  o.s.b.w.s.FilterRegistrationBean - Mapping filter: 'httpPutFormContentFilter' to: [/*] 
2017-03-08 14:09:18.570 [localhost-startStop-1] INFO  o.s.b.w.s.FilterRegistrationBean - Mapping filter: 'requestContextFilter' to: [/*] 
2017-03-08 14:09:18.572 [localhost-startStop-1] INFO  o.s.b.w.s.DelegatingFilterProxyRegistrationBean - Mapping filter: 'springSecurityFilterChain' to: [/*] 
2017-03-08 14:09:18.573 [localhost-startStop-1] INFO  o.s.b.w.s.FilterRegistrationBean - Mapping filter: 'webStatFilter' to urls: [/*] 
2017-03-08 14:09:18.574 [localhost-startStop-1] INFO  o.s.b.w.s.ServletRegistrationBean - Mapping servlet: 'statViewServlet' to [/druid/*] 
2017-03-08 14:09:18.576 [localhost-startStop-1] INFO  o.s.b.w.s.ServletRegistrationBean - Mapping servlet: 'dispatcherServlet' to [/] 
