2017-02-25 06:37:51.621 [main] INFO  com.ds.lottery.result.Main - Starting Main on jay-PC with PID 8056 (E:\lambo-workspace\pc-parent\pc-lottery-result-task\target\classes started by Administrator in E:\lambo-workspace\pc-parent\pc-lottery-result-task) 
2017-02-25 06:37:51.645 [main] INFO  com.ds.lottery.result.Main - The following profiles are active: dev 
2017-02-25 06:37:51.713 [main] INFO  o.s.b.c.e.AnnotationConfigEmbeddedWebApplicationContext - Refreshing org.springframework.boot.context.embedded.AnnotationConfigEmbeddedWebApplicationContext@7e809b79: startup date [Sat Feb 25 06:37:51 AST 2017]; root of context hierarchy 
2017-02-25 06:37:52.764 [main] INFO  o.s.d.r.c.RepositoryConfigurationDelegate - Multiple Spring Data modules found, entering strict repository configuration mode! 
2017-02-25 06:37:52.900 [main] INFO  o.s.d.r.c.RepositoryConfigurationDelegate - Multiple Spring Data modules found, entering strict repository configuration mode! 
2017-02-25 06:37:53.094 [main] INFO  o.s.d.r.c.RepositoryConfigurationDelegate - Multiple Spring Data modules found, entering strict repository configuration mode! 
2017-02-25 06:37:53.120 [main] INFO  o.s.d.r.c.RepositoryConfigurationExtensionSupport - Spring Data Redis - Could not safely identify store assignment for repository candidate interface com.ds.lottery.result.repository.LotteryResultRepository. 
2017-02-25 06:37:53.514 [main] INFO  o.s.c.s.PostProcessorRegistrationDelegate$BeanPostProcessorChecker - Bean 'org.springframework.transaction.annotation.ProxyTransactionManagementConfiguration' of type [class org.springframework.transaction.annotation.ProxyTransactionManagementConfiguration$$EnhancerBySpringCGLIB$$63d94924] is not eligible for getting processed by all BeanPostProcessors (for example: not eligible for auto-proxying) 
2017-02-25 06:37:54.200 [main] INFO  o.s.b.c.e.t.TomcatEmbeddedServletContainer - Tomcat initialized with port(s): 8111 (http) 
2017-02-25 06:37:54.212 [main] INFO  o.a.catalina.core.StandardService - Starting service Tomcat 
2017-02-25 06:37:54.213 [main] INFO  o.a.catalina.core.StandardEngine - Starting Servlet Engine: Apache Tomcat/8.5.5 
2017-02-25 06:37:54.323 [localhost-startStop-1] INFO  o.a.c.c.C.[.[.[/pc-lottery-result-task] - Initializing Spring embedded WebApplicationContext 
2017-02-25 06:37:54.323 [localhost-startStop-1] INFO  o.s.web.context.ContextLoader - Root WebApplicationContext: initialization completed in 2610 ms 
2017-02-25 06:37:54.590 [localhost-startStop-1] INFO  o.s.b.w.s.FilterRegistrationBean - Mapping filter: 'characterEncodingFilter' to: [/*] 
2017-02-25 06:37:54.591 [localhost-startStop-1] INFO  o.s.b.w.s.FilterRegistrationBean - Mapping filter: 'hiddenHttpMethodFilter' to: [/*] 
2017-02-25 06:37:54.591 [localhost-startStop-1] INFO  o.s.b.w.s.FilterRegistrationBean - Mapping filter: 'httpPutFormContentFilter' to: [/*] 
2017-02-25 06:37:54.591 [localhost-startStop-1] INFO  o.s.b.w.s.FilterRegistrationBean - Mapping filter: 'requestContextFilter' to: [/*] 
2017-02-25 06:37:54.592 [localhost-startStop-1] INFO  o.s.b.w.s.DelegatingFilterProxyRegistrationBean - Mapping filter: 'springSecurityFilterChain' to: [/*] 
2017-02-25 06:37:54.593 [localhost-startStop-1] INFO  o.s.b.w.s.FilterRegistrationBean - Mapping filter: 'webStatFilter' to urls: [/*] 
2017-02-25 06:37:54.593 [localhost-startStop-1] INFO  o.s.b.w.s.ServletRegistrationBean - Mapping servlet: 'statViewServlet' to [/druid/*] 
2017-02-25 06:37:54.594 [localhost-startStop-1] INFO  o.s.b.w.s.ServletRegistrationBean - Mapping servlet: 'dispatcherServlet' to [/] 
2017-02-25 06:37:55.205 [main] INFO  c.a.druid.pool.DruidDataSource - {dataSource-1} inited 
2017-02-25 06:37:55.403 [main] INFO  o.s.o.j.LocalContainerEntityManagerFactoryBean - Building JPA container EntityManagerFactory for persistence unit 'default' 
2017-02-25 06:37:55.418 [main] INFO  o.h.jpa.internal.util.LogHelper - HHH000204: Processing PersistenceUnitInfo [
	name: default
	...] 
2017-02-25 06:37:55.480 [main] INFO  org.hibernate.Version - HHH000412: Hibernate Core {4.3.11.Final} 
2017-02-25 06:37:55.482 [main] INFO  org.hibernate.cfg.Environment - HHH000206: hibernate.properties not found 
2017-02-25 06:37:55.483 [main] INFO  org.hibernate.cfg.Environment - HHH000021: Bytecode provider name : javassist 
2017-02-25 06:37:55.630 [main] INFO  o.h.annotations.common.Version - HCANN000001: Hibernate Commons Annotations {4.0.4.Final} 
2017-02-25 06:37:55.686 [main] INFO  org.hibernate.dialect.Dialect - HHH000400: Using dialect: org.hibernate.dialect.MySQL5InnoDBDialect 
2017-02-25 06:37:55.806 [main] INFO  o.h.h.i.a.ASTQueryTranslatorFactory - HHH000397: Using ASTQueryTranslatorFactory 
2017-02-25 06:37:56.187 [main] INFO  o.s.o.j.LocalContainerEntityManagerFactoryBean - Initialized JPA EntityManagerFactory for persistence unit 'default' 
2017-02-25 06:37:57.063 [main] INFO  o.s.b.a.s.AuthenticationManagerConfiguration - 

Using default security password: 1eae19df-dbcb-4a00-8833-3ce2cdbd4049
 
2017-02-25 06:37:57.188 [main] INFO  o.s.s.w.DefaultSecurityFilterChain - Creating filter chain: org.springframework.security.web.util.matcher.AnyRequestMatcher@1, [org.springframework.security.web.context.request.async.WebAsyncManagerIntegrationFilter@1ef7e4c7, org.springframework.security.web.context.SecurityContextPersistenceFilter@e30a8ef, org.springframework.security.web.header.HeaderWriterFilter@68303aad, org.springframework.security.web.authentication.logout.LogoutFilter@1de398c3, org.springframework.security.web.savedrequest.RequestCacheAwareFilter@3abb6aa, org.springframework.security.web.servletapi.SecurityContextHolderAwareRequestFilter@1500edf3, org.springframework.security.web.authentication.AnonymousAuthenticationFilter@57edfa89, org.springframework.security.web.session.SessionManagementFilter@28f081ad, org.springframework.security.web.access.ExceptionTranslationFilter@6779af40] 
2017-02-25 06:37:57.337 [main] INFO  o.s.w.s.m.m.a.RequestMappingHandlerAdapter - Looking for @ControllerAdvice: org.springframework.boot.context.embedded.AnnotationConfigEmbeddedWebApplicationContext@7e809b79: startup date [Sat Feb 25 06:37:51 AST 2017]; root of context hierarchy 
2017-02-25 06:37:57.409 [main] INFO  o.s.w.s.m.m.a.RequestMappingHandlerMapping - Mapped "{[/error]}" onto public org.springframework.http.ResponseEntity<java.util.Map<java.lang.String, java.lang.Object>> org.springframework.boot.autoconfigure.web.BasicErrorController.error(javax.servlet.http.HttpServletRequest) 
2017-02-25 06:37:57.410 [main] INFO  o.s.w.s.m.m.a.RequestMappingHandlerMapping - Mapped "{[/error],produces=[text/html]}" onto public org.springframework.web.servlet.ModelAndView org.springframework.boot.autoconfigure.web.BasicErrorController.errorHtml(javax.servlet.http.HttpServletRequest,javax.servlet.http.HttpServletResponse) 
2017-02-25 06:37:57.454 [main] INFO  o.s.w.s.h.SimpleUrlHandlerMapping - Mapped URL path [/webjars/**] onto handler of type [class org.springframework.web.servlet.resource.ResourceHttpRequestHandler] 
2017-02-25 06:37:57.455 [main] INFO  o.s.w.s.h.SimpleUrlHandlerMapping - Mapped URL path [/**] onto handler of type [class org.springframework.web.servlet.resource.ResourceHttpRequestHandler] 
2017-02-25 06:37:57.506 [main] INFO  o.s.w.s.h.SimpleUrlHandlerMapping - Mapped URL path [/**/favicon.ico] onto handler of type [class org.springframework.web.servlet.resource.ResourceHttpRequestHandler] 
2017-02-25 06:37:58.058 [main] INFO  o.s.j.e.a.AnnotationMBeanExporter - Registering beans for JMX exposure on startup 
2017-02-25 06:37:58.059 [main] INFO  o.s.j.e.a.AnnotationMBeanExporter - Bean with name 'dataSource' has been autodetected for JMX exposure 
2017-02-25 06:37:58.063 [main] INFO  o.s.j.e.a.AnnotationMBeanExporter - Located MBean 'dataSource': registering with JMX server as MBean [com.alibaba.druid.pool:name=dataSource,type=DruidDataSource] 
2017-02-25 06:37:58.072 [main] INFO  o.s.s.a.ScheduledAnnotationBeanPostProcessor - No TaskScheduler/ScheduledExecutorService bean found for scheduled processing 
2017-02-25 06:37:58.090 [pool-5-thread-1] INFO  c.d.l.r.t.job.GetLotteryResultTask - 拉取幸运28，加拿大28，重庆28，新疆28数据 
2017-02-25 06:37:58.141 [main] INFO  o.s.b.c.e.t.TomcatEmbeddedServletContainer - Tomcat started on port(s): 8111 (http) 
2017-02-25 06:37:58.146 [main] INFO  com.ds.lottery.result.Main - Started Main in 6.956 seconds (JVM running for 7.986) 
2017-02-25 06:38:08.106 [pool-5-thread-1] INFO  c.d.l.r.t.job.GetLotteryResultTask - 拉取幸运28，加拿大28，重庆28，新疆28数据 
2017-02-25 06:38:18.116 [pool-5-thread-1] INFO  c.d.l.r.t.job.GetLotteryResultTask - 拉取幸运28，加拿大28，重庆28，新疆28数据 
2017-02-25 06:38:28.125 [pool-5-thread-1] INFO  c.d.l.r.t.job.GetLotteryResultTask - 拉取幸运28，加拿大28，重庆28，新疆28数据 
2017-02-25 06:38:38.146 [pool-5-thread-1] INFO  c.d.l.r.t.job.GetLotteryResultTask - 拉取幸运28，加拿大28，重庆28，新疆28数据 
2017-02-25 06:38:48.161 [pool-5-thread-1] INFO  c.d.l.r.t.job.GetLotteryResultTask - 拉取幸运28，加拿大28，重庆28，新疆28数据 
2017-02-25 06:38:58.182 [pool-5-thread-1] INFO  c.d.l.r.t.job.GetLotteryResultTask - 拉取幸运28，加拿大28，重庆28，新疆28数据 
2017-02-25 06:39:52.969 [main] INFO  com.ds.lottery.result.Main - Starting Main on jay-PC with PID 3440 (E:\lambo-workspace\pc-parent\pc-lottery-result-task\target\classes started by Administrator in E:\lambo-workspace\pc-parent\pc-lottery-result-task) 
2017-02-25 06:39:52.974 [main] INFO  com.ds.lottery.result.Main - The following profiles are active: dev 
2017-02-25 06:39:53.028 [main] INFO  o.s.b.c.e.AnnotationConfigEmbeddedWebApplicationContext - Refreshing org.springframework.boot.context.embedded.AnnotationConfigEmbeddedWebApplicationContext@7e809b79: startup date [Sat Feb 25 06:39:53 AST 2017]; root of context hierarchy 
2017-02-25 06:39:54.183 [main] INFO  o.s.d.r.c.RepositoryConfigurationDelegate - Multiple Spring Data modules found, entering strict repository configuration mode! 
2017-02-25 06:39:54.390 [main] INFO  o.s.d.r.c.RepositoryConfigurationDelegate - Multiple Spring Data modules found, entering strict repository configuration mode! 
2017-02-25 06:39:54.667 [main] INFO  o.s.d.r.c.RepositoryConfigurationDelegate - Multiple Spring Data modules found, entering strict repository configuration mode! 
2017-02-25 06:39:54.692 [main] INFO  o.s.d.r.c.RepositoryConfigurationExtensionSupport - Spring Data Redis - Could not safely identify store assignment for repository candidate interface com.ds.lottery.result.repository.LotteryResultRepository. 
2017-02-25 06:39:55.073 [main] INFO  o.s.c.s.PostProcessorRegistrationDelegate$BeanPostProcessorChecker - Bean 'org.springframework.transaction.annotation.ProxyTransactionManagementConfiguration' of type [class org.springframework.transaction.annotation.ProxyTransactionManagementConfiguration$$EnhancerBySpringCGLIB$$4d683bdc] is not eligible for getting processed by all BeanPostProcessors (for example: not eligible for auto-proxying) 
2017-02-25 06:39:55.613 [main] INFO  o.s.b.c.e.t.TomcatEmbeddedServletContainer - Tomcat initialized with port(s): 8111 (http) 
2017-02-25 06:39:55.629 [main] INFO  o.a.catalina.core.StandardService - Starting service Tomcat 
2017-02-25 06:39:55.631 [main] INFO  o.a.catalina.core.StandardEngine - Starting Servlet Engine: Apache Tomcat/8.5.5 
2017-02-25 06:39:55.730 [localhost-startStop-1] INFO  o.a.c.c.C.[.[.[/pc-lottery-result-task] - Initializing Spring embedded WebApplicationContext 
2017-02-25 06:39:55.731 [localhost-startStop-1] INFO  o.s.web.context.ContextLoader - Root WebApplicationContext: initialization completed in 2704 ms 
2017-02-25 06:39:55.992 [localhost-startStop-1] INFO  o.s.b.w.s.FilterRegistrationBean - Mapping filter: 'characterEncodingFilter' to: [/*] 
2017-02-25 06:39:55.992 [localhost-startStop-1] INFO  o.s.b.w.s.FilterRegistrationBean - Mapping filter: 'hiddenHttpMethodFilter' to: [/*] 
2017-02-25 06:39:55.993 [localhost-startStop-1] INFO  o.s.b.w.s.FilterRegistrationBean - Mapping filter: 'httpPutFormContentFilter' to: [/*] 
2017-02-25 06:39:55.993 [localhost-startStop-1] INFO  o.s.b.w.s.FilterRegistrationBean - Mapping filter: 'requestContextFilter' to: [/*] 
2017-02-25 06:39:55.995 [localhost-startStop-1] INFO  o.s.b.w.s.DelegatingFilterProxyRegistrationBean - Mapping filter: 'springSecurityFilterChain' to: [/*] 
2017-02-25 06:39:55.995 [localhost-startStop-1] INFO  o.s.b.w.s.FilterRegistrationBean - Mapping filter: 'webStatFilter' to urls: [/*] 
2017-02-25 06:39:55.996 [localhost-startStop-1] INFO  o.s.b.w.s.ServletRegistrationBean - Mapping servlet: 'statViewServlet' to [/druid/*] 
2017-02-25 06:39:55.997 [localhost-startStop-1] INFO  o.s.b.w.s.ServletRegistrationBean - Mapping servlet: 'dispatcherServlet' to [/] 
2017-02-25 06:39:56.480 [main] INFO  c.a.druid.pool.DruidDataSource - {dataSource-1} inited 
2017-02-25 06:39:56.649 [main] INFO  o.s.o.j.LocalContainerEntityManagerFactoryBean - Building JPA container EntityManagerFactory for persistence unit 'default' 
2017-02-25 06:39:56.658 [main] INFO  o.h.jpa.internal.util.LogHelper - HHH000204: Processing PersistenceUnitInfo [
	name: default
	...] 
2017-02-25 06:39:56.726 [main] INFO  org.hibernate.Version - HHH000412: Hibernate Core {4.3.11.Final} 
2017-02-25 06:39:56.728 [main] INFO  org.hibernate.cfg.Environment - HHH000206: hibernate.properties not found 
2017-02-25 06:39:56.729 [main] INFO  org.hibernate.cfg.Environment - HHH000021: Bytecode provider name : javassist 
2017-02-25 06:39:56.893 [main] INFO  o.h.annotations.common.Version - HCANN000001: Hibernate Commons Annotations {4.0.4.Final} 
2017-02-25 06:39:56.958 [main] INFO  org.hibernate.dialect.Dialect - HHH000400: Using dialect: org.hibernate.dialect.MySQL5InnoDBDialect 
2017-02-25 06:39:57.092 [main] INFO  o.h.h.i.a.ASTQueryTranslatorFactory - HHH000397: Using ASTQueryTranslatorFactory 
2017-02-25 06:39:57.532 [main] INFO  o.s.o.j.LocalContainerEntityManagerFactoryBean - Initialized JPA EntityManagerFactory for persistence unit 'default' 
2017-02-25 06:39:58.469 [main] INFO  o.s.b.a.s.AuthenticationManagerConfiguration - 

Using default security password: c001b0c5-5122-4b9e-a085-f1f170c42e6c
 
2017-02-25 06:39:58.600 [main] INFO  o.s.s.w.DefaultSecurityFilterChain - Creating filter chain: org.springframework.security.web.util.matcher.AnyRequestMatcher@1, [org.springframework.security.web.context.request.async.WebAsyncManagerIntegrationFilter@35b38986, org.springframework.security.web.context.SecurityContextPersistenceFilter@3284de45, org.springframework.security.web.header.HeaderWriterFilter@2ced7cf, org.springframework.security.web.authentication.logout.LogoutFilter@1fa77770, org.springframework.security.web.savedrequest.RequestCacheAwareFilter@4fccdd1d, org.springframework.security.web.servletapi.SecurityContextHolderAwareRequestFilter@6c38f4de, org.springframework.security.web.authentication.AnonymousAuthenticationFilter@1c000c2f, org.springframework.security.web.session.SessionManagementFilter@6c4e11d0, org.springframework.security.web.access.ExceptionTranslationFilter@3cdc5155] 
2017-02-25 06:39:58.773 [main] INFO  o.s.w.s.m.m.a.RequestMappingHandlerAdapter - Looking for @ControllerAdvice: org.springframework.boot.context.embedded.AnnotationConfigEmbeddedWebApplicationContext@7e809b79: startup date [Sat Feb 25 06:39:53 AST 2017]; root of context hierarchy 
2017-02-25 06:39:58.840 [main] INFO  o.s.w.s.m.m.a.RequestMappingHandlerMapping - Mapped "{[/error]}" onto public org.springframework.http.ResponseEntity<java.util.Map<java.lang.String, java.lang.Object>> org.springframework.boot.autoconfigure.web.BasicErrorController.error(javax.servlet.http.HttpServletRequest) 
2017-02-25 06:39:58.841 [main] INFO  o.s.w.s.m.m.a.RequestMappingHandlerMapping - Mapped "{[/error],produces=[text/html]}" onto public org.springframework.web.servlet.ModelAndView org.springframework.boot.autoconfigure.web.BasicErrorController.errorHtml(javax.servlet.http.HttpServletRequest,javax.servlet.http.HttpServletResponse) 
2017-02-25 06:39:58.890 [main] INFO  o.s.w.s.h.SimpleUrlHandlerMapping - Mapped URL path [/webjars/**] onto handler of type [class org.springframework.web.servlet.resource.ResourceHttpRequestHandler] 
2017-02-25 06:39:58.891 [main] INFO  o.s.w.s.h.SimpleUrlHandlerMapping - Mapped URL path [/**] onto handler of type [class org.springframework.web.servlet.resource.ResourceHttpRequestHandler] 
2017-02-25 06:39:58.934 [main] INFO  o.s.w.s.h.SimpleUrlHandlerMapping - Mapped URL path [/**/favicon.ico] onto handler of type [class org.springframework.web.servlet.resource.ResourceHttpRequestHandler] 
2017-02-25 06:39:59.470 [main] INFO  o.s.j.e.a.AnnotationMBeanExporter - Registering beans for JMX exposure on startup 
2017-02-25 06:39:59.472 [main] INFO  o.s.j.e.a.AnnotationMBeanExporter - Bean with name 'dataSource' has been autodetected for JMX exposure 
2017-02-25 06:39:59.477 [main] INFO  o.s.j.e.a.AnnotationMBeanExporter - Located MBean 'dataSource': registering with JMX server as MBean [com.alibaba.druid.pool:name=dataSource,type=DruidDataSource] 
2017-02-25 06:39:59.486 [main] INFO  o.s.s.a.ScheduledAnnotationBeanPostProcessor - No TaskScheduler/ScheduledExecutorService bean found for scheduled processing 
2017-02-25 06:39:59.510 [pool-5-thread-1] INFO  c.d.l.r.t.job.GetLotteryResultTask - 拉取幸运28，加拿大28，重庆28，新疆28数据 
2017-02-25 06:39:59.556 [main] INFO  o.s.b.c.e.t.TomcatEmbeddedServletContainer - Tomcat started on port(s): 8111 (http) 
2017-02-25 06:39:59.560 [main] INFO  com.ds.lottery.result.Main - Started Main in 7.005 seconds (JVM running for 7.655) 
2017-02-25 06:40:09.525 [pool-5-thread-1] INFO  c.d.l.r.t.job.GetLotteryResultTask - 拉取幸运28，加拿大28，重庆28，新疆28数据 
2017-02-25 06:40:19.550 [pool-5-thread-1] INFO  c.d.l.r.t.job.GetLotteryResultTask - 拉取幸运28，加拿大28，重庆28，新疆28数据 
2017-02-25 06:40:29.568 [pool-5-thread-1] INFO  c.d.l.r.t.job.GetLotteryResultTask - 拉取幸运28，加拿大28，重庆28，新疆28数据 
2017-02-25 06:40:39.593 [pool-5-thread-1] INFO  c.d.l.r.t.job.GetLotteryResultTask - 拉取幸运28，加拿大28，重庆28，新疆28数据 
2017-02-25 06:40:49.605 [pool-5-thread-1] INFO  c.d.l.r.t.job.GetLotteryResultTask - 拉取幸运28，加拿大28，重庆28，新疆28数据 
2017-02-25 06:40:59.632 [pool-5-thread-1] INFO  c.d.l.r.t.job.GetLotteryResultTask - 拉取幸运28，加拿大28，重庆28，新疆28数据 
